<?xml version="1.0" encoding="UTF-8"?>
<testng-results ignored="0" total="1" passed="1" failed="0" skipped="0">
  <reporter-output>
  </reporter-output>
  <suite started-at="2020-10-06T20:20:23 EDT" name="helloworld_nikhil.TestHelloWorld" finished-at="2020-10-06T20:20:23 EDT" duration-ms="26">
    <groups>
    </groups>
    <test started-at="2020-10-06T20:20:23 EDT" name="Command line test" finished-at="2020-10-06T20:20:23 EDT" duration-ms="26">
      <class name="helloworld_nikhil.TestHelloWorld">
        <test-method signature="testHelloWorld()[pri:0, instance:helloworld_nikhil.TestHelloWorld@10bbd20a]" started-at="2020-10-06T20:20:23 EDT" name="testHelloWorld" finished-at="2020-10-06T20:20:23 EDT" duration-ms="3" status="PASS">
          <reporter-output>
          </reporter-output>
        </test-method> <!-- testHelloWorld -->
      </class> <!-- helloworld_nikhil.TestHelloWorld -->
    </test> <!-- Command line test -->
  </suite> <!-- helloworld_nikhil.TestHelloWorld -->
</testng-results>
